{"/home/cantado/Projects/socket/app/backend/dist/js/model/rooms.js":{"path":"/home/cantado/Projects/socket/app/backend/dist/js/model/rooms.js","s":{"1":1,"2":1,"3":1,"4":2,"5":6,"6":6,"7":6,"8":6,"9":6,"10":6,"11":1,"12":1,"13":1,"14":1,"15":1,"16":1,"17":1,"18":1,"19":0,"20":1,"21":1,"22":1,"23":1,"24":1,"25":1,"26":1,"27":1,"28":2,"29":2,"30":3,"31":3,"32":7,"33":7,"34":7,"35":7,"36":7,"37":1,"38":1,"39":1,"40":1,"41":1,"42":1,"43":1,"44":1,"45":1,"46":0,"47":0,"48":1,"49":1,"50":1,"51":5,"52":5,"53":3,"54":3,"55":5,"56":5,"57":5,"58":5,"59":1,"60":5,"61":5,"62":5,"63":2,"64":3,"65":1,"66":1,"67":1},"b":{"1":[6,6],"2":[6,0],"3":[1,0],"4":[1,0],"5":[0,1],"6":[7,0],"7":[1,0],"8":[0,1],"9":[1,0],"10":[3,2],"11":[5,0],"12":[5,0],"13":[2,3]},"f":{"1":1,"2":2,"3":1,"4":1,"5":1,"6":1,"7":2,"8":2,"9":3,"10":3,"11":7,"12":7,"13":1,"14":1,"15":1,"16":1,"17":1,"18":1,"19":5,"20":5,"21":5,"22":1},"fnMap":{"1":{"name":"(anonymous_1)","line":7,"loc":{"start":{"line":7,"column":20},"end":{"line":7,"column":32}}},"2":{"name":"defineProperties","line":7,"loc":{"start":{"line":7,"column":34},"end":{"line":7,"column":75}}},"3":{"name":"(anonymous_3)","line":7,"loc":{"start":{"line":7,"column":358},"end":{"line":7,"column":406}}},"4":{"name":"_classCallCheck","line":9,"loc":{"start":{"line":9,"column":0},"end":{"line":9,"column":48}}},"5":{"name":"(anonymous_5)","line":15,"loc":{"start":{"line":15,"column":13},"end":{"line":15,"column":25}}},"6":{"name":"Rooms","line":16,"loc":{"start":{"line":16,"column":4},"end":{"line":16,"column":21}}},"7":{"name":"all","line":25,"loc":{"start":{"line":25,"column":15},"end":{"line":25,"column":32}}},"8":{"name":"(anonymous_8)","line":26,"loc":{"start":{"line":26,"column":28},"end":{"line":26,"column":50}}},"9":{"name":"one","line":32,"loc":{"start":{"line":32,"column":15},"end":{"line":32,"column":36}}},"10":{"name":"(anonymous_10)","line":33,"loc":{"start":{"line":33,"column":36},"end":{"line":33,"column":57}}},"11":{"name":"create","line":39,"loc":{"start":{"line":39,"column":15},"end":{"line":39,"column":40}}},"12":{"name":"(anonymous_12)","line":42,"loc":{"start":{"line":42,"column":22},"end":{"line":42,"column":37}}},"13":{"name":"update","line":50,"loc":{"start":{"line":50,"column":15},"end":{"line":50,"column":44}}},"14":{"name":"(anonymous_14)","line":52,"loc":{"start":{"line":52,"column":25},"end":{"line":52,"column":41}}},"15":{"name":"(anonymous_15)","line":55,"loc":{"start":{"line":55,"column":26},"end":{"line":55,"column":41}}},"16":{"name":"_delete","line":64,"loc":{"start":{"line":64,"column":15},"end":{"line":64,"column":40}}},"17":{"name":"(anonymous_17)","line":65,"loc":{"start":{"line":65,"column":25},"end":{"line":65,"column":41}}},"18":{"name":"(anonymous_18)","line":70,"loc":{"start":{"line":70,"column":28},"end":{"line":70,"column":43}}},"19":{"name":"joinWithUsers","line":79,"loc":{"start":{"line":79,"column":15},"end":{"line":79,"column":49}}},"20":{"name":"(anonymous_20)","line":86,"loc":{"start":{"line":86,"column":35},"end":{"line":86,"column":57}}},"21":{"name":"(anonymous_21)","line":87,"loc":{"start":{"line":87,"column":34},"end":{"line":87,"column":50}}},"22":{"name":"(anonymous_22)","line":89,"loc":{"start":{"line":89,"column":50},"end":{"line":89,"column":66}}}},"statementMap":{"1":{"start":{"line":3,"column":0},"end":{"line":5,"column":3}},"2":{"start":{"line":7,"column":0},"end":{"line":7,"column":566}},"3":{"start":{"line":7,"column":34},"end":{"line":7,"column":350}},"4":{"start":{"line":7,"column":77},"end":{"line":7,"column":348}},"5":{"start":{"line":7,"column":118},"end":{"line":7,"column":144}},"6":{"start":{"line":7,"column":145},"end":{"line":7,"column":200}},"7":{"start":{"line":7,"column":201},"end":{"line":7,"column":232}},"8":{"start":{"line":7,"column":233},"end":{"line":7,"column":287}},"9":{"start":{"line":7,"column":260},"end":{"line":7,"column":287}},"10":{"start":{"line":7,"column":288},"end":{"line":7,"column":346}},"11":{"start":{"line":7,"column":351},"end":{"line":7,"column":560}},"12":{"start":{"line":7,"column":408},"end":{"line":7,"column":476}},"13":{"start":{"line":7,"column":424},"end":{"line":7,"column":476}},"14":{"start":{"line":7,"column":477},"end":{"line":7,"column":537}},"15":{"start":{"line":7,"column":494},"end":{"line":7,"column":537}},"16":{"start":{"line":7,"column":538},"end":{"line":7,"column":557}},"17":{"start":{"line":9,"column":0},"end":{"line":9,"column":153}},"18":{"start":{"line":9,"column":50},"end":{"line":9,"column":151}},"19":{"start":{"line":9,"column":92},"end":{"line":9,"column":149}},"20":{"start":{"line":11,"column":0},"end":{"line":11,"column":37}},"21":{"start":{"line":13,"column":0},"end":{"line":13,"column":34}},"22":{"start":{"line":15,"column":0},"end":{"line":108,"column":5}},"23":{"start":{"line":16,"column":4},"end":{"line":21,"column":5}},"24":{"start":{"line":17,"column":8},"end":{"line":17,"column":37}},"25":{"start":{"line":19,"column":8},"end":{"line":19,"column":41}},"26":{"start":{"line":20,"column":8},"end":{"line":20,"column":39}},"27":{"start":{"line":23,"column":4},"end":{"line":105,"column":8}},"28":{"start":{"line":26,"column":12},"end":{"line":28,"column":15}},"29":{"start":{"line":27,"column":16},"end":{"line":27,"column":47}},"30":{"start":{"line":33,"column":12},"end":{"line":35,"column":15}},"31":{"start":{"line":34,"column":16},"end":{"line":34,"column":46}},"32":{"start":{"line":40,"column":12},"end":{"line":40,"column":57}},"33":{"start":{"line":41,"column":12},"end":{"line":41,"column":43}},"34":{"start":{"line":42,"column":12},"end":{"line":46,"column":15}},"35":{"start":{"line":43,"column":16},"end":{"line":45,"column":17}},"36":{"start":{"line":44,"column":20},"end":{"line":44,"column":29}},"37":{"start":{"line":51,"column":12},"end":{"line":51,"column":66}},"38":{"start":{"line":52,"column":12},"end":{"line":60,"column":15}},"39":{"start":{"line":53,"column":16},"end":{"line":53,"column":37}},"40":{"start":{"line":54,"column":16},"end":{"line":54,"column":39}},"41":{"start":{"line":55,"column":16},"end":{"line":59,"column":19}},"42":{"start":{"line":56,"column":20},"end":{"line":58,"column":21}},"43":{"start":{"line":57,"column":24},"end":{"line":57,"column":33}},"44":{"start":{"line":65,"column":12},"end":{"line":75,"column":15}},"45":{"start":{"line":66,"column":16},"end":{"line":69,"column":17}},"46":{"start":{"line":67,"column":20},"end":{"line":67,"column":29}},"47":{"start":{"line":68,"column":20},"end":{"line":68,"column":27}},"48":{"start":{"line":70,"column":16},"end":{"line":74,"column":19}},"49":{"start":{"line":71,"column":20},"end":{"line":73,"column":21}},"50":{"start":{"line":72,"column":24},"end":{"line":72,"column":33}},"51":{"start":{"line":80,"column":12},"end":{"line":80,"column":85}},"52":{"start":{"line":81,"column":12},"end":{"line":84,"column":13}},"53":{"start":{"line":82,"column":16},"end":{"line":82,"column":32}},"54":{"start":{"line":83,"column":16},"end":{"line":83,"column":32}},"55":{"start":{"line":86,"column":12},"end":{"line":103,"column":15}},"56":{"start":{"line":87,"column":16},"end":{"line":94,"column":19}},"57":{"start":{"line":88,"column":20},"end":{"line":92,"column":21}},"58":{"start":{"line":89,"column":24},"end":{"line":91,"column":27}},"59":{"start":{"line":90,"column":28},"end":{"line":90,"column":70}},"60":{"start":{"line":93,"column":20},"end":{"line":93,"column":32}},"61":{"start":{"line":96,"column":16},"end":{"line":102,"column":17}},"62":{"start":{"line":97,"column":20},"end":{"line":101,"column":21}},"63":{"start":{"line":98,"column":24},"end":{"line":98,"column":34}},"64":{"start":{"line":100,"column":24},"end":{"line":100,"column":37}},"65":{"start":{"line":107,"column":4},"end":{"line":107,"column":17}},"66":{"start":{"line":110,"column":0},"end":{"line":110,"column":27}},"67":{"start":{"line":111,"column":0},"end":{"line":111,"column":36}}},"branchMap":{"1":{"line":7,"type":"binary-expr","locations":[{"start":{"line":7,"column":169},"end":{"line":7,"column":190}},{"start":{"line":7,"column":194},"end":{"line":7,"column":199}}]},"2":{"line":7,"type":"if","locations":[{"start":{"line":7,"column":233},"end":{"line":7,"column":233}},{"start":{"line":7,"column":233},"end":{"line":7,"column":233}}]},"3":{"line":7,"type":"if","locations":[{"start":{"line":7,"column":408},"end":{"line":7,"column":408}},{"start":{"line":7,"column":408},"end":{"line":7,"column":408}}]},"4":{"line":7,"type":"if","locations":[{"start":{"line":7,"column":477},"end":{"line":7,"column":477}},{"start":{"line":7,"column":477},"end":{"line":7,"column":477}}]},"5":{"line":9,"type":"if","locations":[{"start":{"line":9,"column":50},"end":{"line":9,"column":50}},{"start":{"line":9,"column":50},"end":{"line":9,"column":50}}]},"6":{"line":43,"type":"if","locations":[{"start":{"line":43,"column":16},"end":{"line":43,"column":16}},{"start":{"line":43,"column":16},"end":{"line":43,"column":16}}]},"7":{"line":56,"type":"if","locations":[{"start":{"line":56,"column":20},"end":{"line":56,"column":20}},{"start":{"line":56,"column":20},"end":{"line":56,"column":20}}]},"8":{"line":66,"type":"if","locations":[{"start":{"line":66,"column":16},"end":{"line":66,"column":16}},{"start":{"line":66,"column":16},"end":{"line":66,"column":16}}]},"9":{"line":71,"type":"if","locations":[{"start":{"line":71,"column":20},"end":{"line":71,"column":20}},{"start":{"line":71,"column":20},"end":{"line":71,"column":20}}]},"10":{"line":81,"type":"if","locations":[{"start":{"line":81,"column":12},"end":{"line":81,"column":12}},{"start":{"line":81,"column":12},"end":{"line":81,"column":12}}]},"11":{"line":88,"type":"if","locations":[{"start":{"line":88,"column":20},"end":{"line":88,"column":20}},{"start":{"line":88,"column":20},"end":{"line":88,"column":20}}]},"12":{"line":96,"type":"if","locations":[{"start":{"line":96,"column":16},"end":{"line":96,"column":16}},{"start":{"line":96,"column":16},"end":{"line":96,"column":16}}]},"13":{"line":97,"type":"if","locations":[{"start":{"line":97,"column":20},"end":{"line":97,"column":20}},{"start":{"line":97,"column":20},"end":{"line":97,"column":20}}]}}},"/home/cantado/Projects/socket/app/backend/dist/js/config.js":{"path":"/home/cantado/Projects/socket/app/backend/dist/js/config.js","s":{"1":1,"2":1,"3":1,"4":1,"5":1,"6":1,"7":1,"8":1,"9":1,"10":1,"11":1,"12":1,"13":1,"14":1},"b":{"1":[0,1],"2":[1,1],"3":[1,1]},"f":{"1":1},"fnMap":{"1":{"name":"_interopRequireDefault","line":7,"loc":{"start":{"line":7,"column":0},"end":{"line":7,"column":37}}}},"statementMap":{"1":{"start":{"line":3,"column":0},"end":{"line":5,"column":3}},"2":{"start":{"line":7,"column":0},"end":{"line":7,"column":97}},"3":{"start":{"line":7,"column":39},"end":{"line":7,"column":95}},"4":{"start":{"line":9,"column":0},"end":{"line":9,"column":36}},"5":{"start":{"line":11,"column":0},"end":{"line":11,"column":51}},"6":{"start":{"line":13,"column":0},"end":{"line":13,"column":70}},"7":{"start":{"line":15,"column":0},"end":{"line":15,"column":49}},"8":{"start":{"line":17,"column":0},"end":{"line":17,"column":26}},"9":{"start":{"line":19,"column":0},"end":{"line":22,"column":3}},"10":{"start":{"line":24,"column":0},"end":{"line":28,"column":3}},"11":{"start":{"line":30,"column":0},"end":{"line":30,"column":42}},"12":{"start":{"line":31,"column":0},"end":{"line":31,"column":42}},"13":{"start":{"line":33,"column":0},"end":{"line":37,"column":2}},"14":{"start":{"line":38,"column":0},"end":{"line":38,"column":36}}},"branchMap":{"1":{"line":7,"type":"cond-expr","locations":[{"start":{"line":7,"column":70},"end":{"line":7,"column":73}},{"start":{"line":7,"column":76},"end":{"line":7,"column":94}}]},"2":{"line":7,"type":"binary-expr","locations":[{"start":{"line":7,"column":46},"end":{"line":7,"column":49}},{"start":{"line":7,"column":53},"end":{"line":7,"column":67}}]},"3":{"line":13,"type":"binary-expr","locations":[{"start":{"line":13,"column":12},"end":{"line":13,"column":30}},{"start":{"line":13,"column":34},"end":{"line":13,"column":69}}]}}},"/home/cantado/Projects/socket/app/backend/dist/js/model/helper.js":{"path":"/home/cantado/Projects/socket/app/backend/dist/js/model/helper.js","s":{"1":1,"2":1,"3":1,"4":17,"5":35,"6":17,"7":17,"8":17,"9":17,"10":17,"11":17,"12":13,"13":13,"14":13,"15":13,"16":13,"17":13,"18":28,"19":28,"20":13,"21":0,"22":0,"23":13,"24":13,"25":0,"26":13,"27":0,"28":0,"29":0,"30":17,"31":17,"32":0,"33":17,"34":0,"35":17,"36":1,"37":1},"b":{"1":[13,15],"2":[0,13],"3":[13,0],"4":[0,13],"5":[0,17],"6":[17,0],"7":[0,17]},"f":{"1":17},"fnMap":{"1":{"name":"filterByKeys","line":8,"loc":{"start":{"line":8,"column":19},"end":{"line":8,"column":46}}}},"statementMap":{"1":{"start":{"line":3,"column":0},"end":{"line":5,"column":3}},"2":{"start":{"line":6,"column":0},"end":{"line":6,"column":26}},"3":{"start":{"line":8,"column":0},"end":{"line":64,"column":2}},"4":{"start":{"line":9,"column":4},"end":{"line":11,"column":5}},"5":{"start":{"line":10,"column":8},"end":{"line":10,"column":41}},"6":{"start":{"line":13,"column":4},"end":{"line":13,"column":20}},"7":{"start":{"line":14,"column":4},"end":{"line":14,"column":41}},"8":{"start":{"line":15,"column":4},"end":{"line":15,"column":34}},"9":{"start":{"line":16,"column":4},"end":{"line":16,"column":35}},"10":{"start":{"line":18,"column":4},"end":{"line":61,"column":5}},"11":{"start":{"line":19,"column":8},"end":{"line":47,"column":9}},"12":{"start":{"line":20,"column":12},"end":{"line":20,"column":34}},"13":{"start":{"line":21,"column":12},"end":{"line":21,"column":50}},"14":{"start":{"line":22,"column":12},"end":{"line":22,"column":43}},"15":{"start":{"line":23,"column":12},"end":{"line":23,"column":44}},"16":{"start":{"line":25,"column":12},"end":{"line":46,"column":13}},"17":{"start":{"line":26,"column":16},"end":{"line":32,"column":17}},"18":{"start":{"line":27,"column":20},"end":{"line":27,"column":41}},"19":{"start":{"line":29,"column":20},"end":{"line":31,"column":21}},"20":{"start":{"line":30,"column":24},"end":{"line":30,"column":47}},"21":{"start":{"line":34,"column":16},"end":{"line":34,"column":42}},"22":{"start":{"line":35,"column":16},"end":{"line":35,"column":38}},"23":{"start":{"line":37,"column":16},"end":{"line":45,"column":17}},"24":{"start":{"line":38,"column":20},"end":{"line":40,"column":21}},"25":{"start":{"line":39,"column":24},"end":{"line":39,"column":47}},"26":{"start":{"line":42,"column":20},"end":{"line":44,"column":21}},"27":{"start":{"line":43,"column":24},"end":{"line":43,"column":46}},"28":{"start":{"line":49,"column":8},"end":{"line":49,"column":33}},"29":{"start":{"line":50,"column":8},"end":{"line":50,"column":29}},"30":{"start":{"line":52,"column":8},"end":{"line":60,"column":9}},"31":{"start":{"line":53,"column":12},"end":{"line":55,"column":13}},"32":{"start":{"line":54,"column":16},"end":{"line":54,"column":38}},"33":{"start":{"line":57,"column":12},"end":{"line":59,"column":13}},"34":{"start":{"line":58,"column":16},"end":{"line":58,"column":37}},"35":{"start":{"line":63,"column":4},"end":{"line":63,"column":18}},"36":{"start":{"line":66,"column":0},"end":{"line":68,"column":2}},"37":{"start":{"line":69,"column":0},"end":{"line":69,"column":36}}},"branchMap":{"1":{"line":29,"type":"if","locations":[{"start":{"line":29,"column":20},"end":{"line":29,"column":20}},{"start":{"line":29,"column":20},"end":{"line":29,"column":20}}]},"2":{"line":38,"type":"if","locations":[{"start":{"line":38,"column":20},"end":{"line":38,"column":20}},{"start":{"line":38,"column":20},"end":{"line":38,"column":20}}]},"3":{"line":38,"type":"binary-expr","locations":[{"start":{"line":38,"column":24},"end":{"line":38,"column":51}},{"start":{"line":38,"column":55},"end":{"line":38,"column":75}}]},"4":{"line":42,"type":"if","locations":[{"start":{"line":42,"column":20},"end":{"line":42,"column":20}},{"start":{"line":42,"column":20},"end":{"line":42,"column":20}}]},"5":{"line":53,"type":"if","locations":[{"start":{"line":53,"column":12},"end":{"line":53,"column":12}},{"start":{"line":53,"column":12},"end":{"line":53,"column":12}}]},"6":{"line":53,"type":"binary-expr","locations":[{"start":{"line":53,"column":16},"end":{"line":53,"column":42}},{"start":{"line":53,"column":46},"end":{"line":53,"column":65}}]},"7":{"line":57,"type":"if","locations":[{"start":{"line":57,"column":12},"end":{"line":57,"column":12}},{"start":{"line":57,"column":12},"end":{"line":57,"column":12}}]}}},"/home/cantado/Projects/socket/app/backend/dist/js/model/users.js":{"path":"/home/cantado/Projects/socket/app/backend/dist/js/model/users.js","s":{"1":1,"2":1,"3":1,"4":1,"5":6,"6":6,"7":6,"8":6,"9":6,"10":6,"11":1,"12":1,"13":1,"14":1,"15":0,"16":1,"17":1,"18":2,"19":0,"20":1,"21":1,"22":1,"23":1,"24":2,"25":2,"26":2,"27":1,"28":2,"29":2,"30":2,"31":2,"32":2,"33":2,"34":8,"35":8,"36":8,"37":8,"38":0,"39":8,"40":8,"41":1,"42":1,"43":1,"44":1,"45":1,"46":1,"47":1,"48":1,"49":1,"50":1,"51":0,"52":0,"53":1,"54":1,"55":1,"56":0,"57":0,"58":0,"59":0,"60":0,"61":0,"62":0,"63":0,"64":0,"65":0,"66":0,"67":0,"68":0,"69":0,"70":0,"71":0,"72":0,"73":1,"74":1,"75":1},"b":{"1":[6,6],"2":[6,0],"3":[1,0],"4":[0,1],"5":[0,2],"6":[2,0],"7":[2,0],"8":[0,8],"9":[8,0],"10":[1,0],"11":[1,0],"12":[0,1],"13":[1,0],"14":[0,0],"15":[0,0],"16":[0,0],"17":[0,0]},"f":{"1":1,"2":1,"3":1,"4":2,"5":1,"6":2,"7":2,"8":2,"9":2,"10":2,"11":8,"12":8,"13":1,"14":1,"15":1,"16":1,"17":1,"18":1,"19":0,"20":0},"fnMap":{"1":{"name":"(anonymous_1)","line":7,"loc":{"start":{"line":7,"column":20},"end":{"line":7,"column":32}}},"2":{"name":"defineProperties","line":7,"loc":{"start":{"line":7,"column":34},"end":{"line":7,"column":75}}},"3":{"name":"(anonymous_3)","line":7,"loc":{"start":{"line":7,"column":358},"end":{"line":7,"column":406}}},"4":{"name":"_classCallCheck","line":9,"loc":{"start":{"line":9,"column":0},"end":{"line":9,"column":48}}},"5":{"name":"(anonymous_5)","line":15,"loc":{"start":{"line":15,"column":13},"end":{"line":15,"column":25}}},"6":{"name":"Users","line":16,"loc":{"start":{"line":16,"column":4},"end":{"line":16,"column":21}}},"7":{"name":"all","line":25,"loc":{"start":{"line":25,"column":15},"end":{"line":25,"column":32}}},"8":{"name":"(anonymous_8)","line":26,"loc":{"start":{"line":26,"column":28},"end":{"line":26,"column":50}}},"9":{"name":"one","line":34,"loc":{"start":{"line":34,"column":15},"end":{"line":34,"column":36}}},"10":{"name":"(anonymous_10)","line":35,"loc":{"start":{"line":35,"column":36},"end":{"line":35,"column":57}}},"11":{"name":"create","line":43,"loc":{"start":{"line":43,"column":15},"end":{"line":43,"column":40}}},"12":{"name":"(anonymous_12)","line":46,"loc":{"start":{"line":46,"column":22},"end":{"line":46,"column":37}}},"13":{"name":"update","line":57,"loc":{"start":{"line":57,"column":15},"end":{"line":57,"column":44}}},"14":{"name":"(anonymous_14)","line":59,"loc":{"start":{"line":59,"column":25},"end":{"line":59,"column":41}}},"15":{"name":"(anonymous_15)","line":63,"loc":{"start":{"line":63,"column":30},"end":{"line":63,"column":45}}},"16":{"name":"_delete","line":73,"loc":{"start":{"line":73,"column":15},"end":{"line":73,"column":40}}},"17":{"name":"(anonymous_17)","line":74,"loc":{"start":{"line":74,"column":25},"end":{"line":74,"column":41}}},"18":{"name":"(anonymous_18)","line":79,"loc":{"start":{"line":79,"column":28},"end":{"line":79,"column":43}}},"19":{"name":"deleteAll","line":88,"loc":{"start":{"line":88,"column":15},"end":{"line":88,"column":38}}},"20":{"name":"(anonymous_20)","line":89,"loc":{"start":{"line":89,"column":21},"end":{"line":89,"column":38}}}},"statementMap":{"1":{"start":{"line":3,"column":0},"end":{"line":5,"column":3}},"2":{"start":{"line":7,"column":0},"end":{"line":7,"column":566}},"3":{"start":{"line":7,"column":34},"end":{"line":7,"column":350}},"4":{"start":{"line":7,"column":77},"end":{"line":7,"column":348}},"5":{"start":{"line":7,"column":118},"end":{"line":7,"column":144}},"6":{"start":{"line":7,"column":145},"end":{"line":7,"column":200}},"7":{"start":{"line":7,"column":201},"end":{"line":7,"column":232}},"8":{"start":{"line":7,"column":233},"end":{"line":7,"column":287}},"9":{"start":{"line":7,"column":260},"end":{"line":7,"column":287}},"10":{"start":{"line":7,"column":288},"end":{"line":7,"column":346}},"11":{"start":{"line":7,"column":351},"end":{"line":7,"column":560}},"12":{"start":{"line":7,"column":408},"end":{"line":7,"column":476}},"13":{"start":{"line":7,"column":424},"end":{"line":7,"column":476}},"14":{"start":{"line":7,"column":477},"end":{"line":7,"column":537}},"15":{"start":{"line":7,"column":494},"end":{"line":7,"column":537}},"16":{"start":{"line":7,"column":538},"end":{"line":7,"column":557}},"17":{"start":{"line":9,"column":0},"end":{"line":9,"column":153}},"18":{"start":{"line":9,"column":50},"end":{"line":9,"column":151}},"19":{"start":{"line":9,"column":92},"end":{"line":9,"column":149}},"20":{"start":{"line":11,"column":0},"end":{"line":11,"column":37}},"21":{"start":{"line":13,"column":0},"end":{"line":13,"column":34}},"22":{"start":{"line":15,"column":0},"end":{"line":123,"column":5}},"23":{"start":{"line":16,"column":4},"end":{"line":21,"column":5}},"24":{"start":{"line":17,"column":8},"end":{"line":17,"column":37}},"25":{"start":{"line":19,"column":8},"end":{"line":19,"column":41}},"26":{"start":{"line":20,"column":8},"end":{"line":20,"column":39}},"27":{"start":{"line":23,"column":4},"end":{"line":120,"column":8}},"28":{"start":{"line":26,"column":12},"end":{"line":30,"column":15}},"29":{"start":{"line":27,"column":16},"end":{"line":29,"column":17}},"30":{"start":{"line":28,"column":20},"end":{"line":28,"column":30}},"31":{"start":{"line":35,"column":12},"end":{"line":39,"column":15}},"32":{"start":{"line":36,"column":16},"end":{"line":38,"column":17}},"33":{"start":{"line":37,"column":20},"end":{"line":37,"column":29}},"34":{"start":{"line":44,"column":12},"end":{"line":44,"column":77}},"35":{"start":{"line":45,"column":12},"end":{"line":45,"column":43}},"36":{"start":{"line":46,"column":12},"end":{"line":53,"column":15}},"37":{"start":{"line":47,"column":16},"end":{"line":49,"column":17}},"38":{"start":{"line":48,"column":20},"end":{"line":48,"column":30}},"39":{"start":{"line":50,"column":16},"end":{"line":52,"column":17}},"40":{"start":{"line":51,"column":20},"end":{"line":51,"column":29}},"41":{"start":{"line":58,"column":12},"end":{"line":58,"column":66}},"42":{"start":{"line":59,"column":12},"end":{"line":69,"column":15}},"43":{"start":{"line":60,"column":16},"end":{"line":68,"column":17}},"44":{"start":{"line":61,"column":20},"end":{"line":61,"column":41}},"45":{"start":{"line":62,"column":20},"end":{"line":62,"column":43}},"46":{"start":{"line":63,"column":20},"end":{"line":67,"column":23}},"47":{"start":{"line":64,"column":24},"end":{"line":66,"column":25}},"48":{"start":{"line":65,"column":28},"end":{"line":65,"column":37}},"49":{"start":{"line":74,"column":12},"end":{"line":84,"column":15}},"50":{"start":{"line":75,"column":16},"end":{"line":78,"column":17}},"51":{"start":{"line":76,"column":20},"end":{"line":76,"column":29}},"52":{"start":{"line":77,"column":20},"end":{"line":77,"column":27}},"53":{"start":{"line":79,"column":16},"end":{"line":83,"column":19}},"54":{"start":{"line":80,"column":20},"end":{"line":82,"column":21}},"55":{"start":{"line":81,"column":24},"end":{"line":81,"column":33}},"56":{"start":{"line":89,"column":12},"end":{"line":118,"column":15}},"57":{"start":{"line":90,"column":16},"end":{"line":90,"column":53}},"58":{"start":{"line":91,"column":16},"end":{"line":91,"column":46}},"59":{"start":{"line":92,"column":16},"end":{"line":92,"column":47}},"60":{"start":{"line":94,"column":16},"end":{"line":113,"column":17}},"61":{"start":{"line":95,"column":20},"end":{"line":99,"column":21}},"62":{"start":{"line":96,"column":24},"end":{"line":96,"column":47}},"63":{"start":{"line":98,"column":24},"end":{"line":98,"column":38}},"64":{"start":{"line":101,"column":20},"end":{"line":101,"column":45}},"65":{"start":{"line":102,"column":20},"end":{"line":102,"column":41}},"66":{"start":{"line":104,"column":20},"end":{"line":112,"column":21}},"67":{"start":{"line":105,"column":24},"end":{"line":107,"column":25}},"68":{"start":{"line":106,"column":28},"end":{"line":106,"column":50}},"69":{"start":{"line":109,"column":24},"end":{"line":111,"column":25}},"70":{"start":{"line":110,"column":28},"end":{"line":110,"column":49}},"71":{"start":{"line":115,"column":16},"end":{"line":117,"column":17}},"72":{"start":{"line":116,"column":20},"end":{"line":116,"column":31}},"73":{"start":{"line":122,"column":4},"end":{"line":122,"column":17}},"74":{"start":{"line":125,"column":0},"end":{"line":125,"column":27}},"75":{"start":{"line":126,"column":0},"end":{"line":126,"column":36}}},"branchMap":{"1":{"line":7,"type":"binary-expr","locations":[{"start":{"line":7,"column":169},"end":{"line":7,"column":190}},{"start":{"line":7,"column":194},"end":{"line":7,"column":199}}]},"2":{"line":7,"type":"if","locations":[{"start":{"line":7,"column":233},"end":{"line":7,"column":233}},{"start":{"line":7,"column":233},"end":{"line":7,"column":233}}]},"3":{"line":7,"type":"if","locations":[{"start":{"line":7,"column":408},"end":{"line":7,"column":408}},{"start":{"line":7,"column":408},"end":{"line":7,"column":408}}]},"4":{"line":7,"type":"if","locations":[{"start":{"line":7,"column":477},"end":{"line":7,"column":477}},{"start":{"line":7,"column":477},"end":{"line":7,"column":477}}]},"5":{"line":9,"type":"if","locations":[{"start":{"line":9,"column":50},"end":{"line":9,"column":50}},{"start":{"line":9,"column":50},"end":{"line":9,"column":50}}]},"6":{"line":27,"type":"if","locations":[{"start":{"line":27,"column":16},"end":{"line":27,"column":16}},{"start":{"line":27,"column":16},"end":{"line":27,"column":16}}]},"7":{"line":36,"type":"if","locations":[{"start":{"line":36,"column":16},"end":{"line":36,"column":16}},{"start":{"line":36,"column":16},"end":{"line":36,"column":16}}]},"8":{"line":47,"type":"if","locations":[{"start":{"line":47,"column":16},"end":{"line":47,"column":16}},{"start":{"line":47,"column":16},"end":{"line":47,"column":16}}]},"9":{"line":50,"type":"if","locations":[{"start":{"line":50,"column":16},"end":{"line":50,"column":16}},{"start":{"line":50,"column":16},"end":{"line":50,"column":16}}]},"10":{"line":60,"type":"if","locations":[{"start":{"line":60,"column":16},"end":{"line":60,"column":16}},{"start":{"line":60,"column":16},"end":{"line":60,"column":16}}]},"11":{"line":64,"type":"if","locations":[{"start":{"line":64,"column":24},"end":{"line":64,"column":24}},{"start":{"line":64,"column":24},"end":{"line":64,"column":24}}]},"12":{"line":75,"type":"if","locations":[{"start":{"line":75,"column":16},"end":{"line":75,"column":16}},{"start":{"line":75,"column":16},"end":{"line":75,"column":16}}]},"13":{"line":80,"type":"if","locations":[{"start":{"line":80,"column":20},"end":{"line":80,"column":20}},{"start":{"line":80,"column":20},"end":{"line":80,"column":20}}]},"14":{"line":105,"type":"if","locations":[{"start":{"line":105,"column":24},"end":{"line":105,"column":24}},{"start":{"line":105,"column":24},"end":{"line":105,"column":24}}]},"15":{"line":105,"type":"binary-expr","locations":[{"start":{"line":105,"column":28},"end":{"line":105,"column":54}},{"start":{"line":105,"column":58},"end":{"line":105,"column":77}}]},"16":{"line":109,"type":"if","locations":[{"start":{"line":109,"column":24},"end":{"line":109,"column":24}},{"start":{"line":109,"column":24},"end":{"line":109,"column":24}}]},"17":{"line":115,"type":"if","locations":[{"start":{"line":115,"column":16},"end":{"line":115,"column":16}},{"start":{"line":115,"column":16},"end":{"line":115,"column":16}}]}}}}