TN:
SF:/home/cantado/Projects/socket/app/backend/dist/js/model/rooms.js
FN:7,(anonymous_1)
FN:7,defineProperties
FN:7,(anonymous_3)
FN:9,_classCallCheck
FN:15,(anonymous_5)
FN:16,Rooms
FN:25,all
FN:26,(anonymous_8)
FN:32,one
FN:33,(anonymous_10)
FN:39,create
FN:42,(anonymous_12)
FN:50,update
FN:52,(anonymous_14)
FN:55,(anonymous_15)
FN:64,_delete
FN:65,(anonymous_17)
FN:70,(anonymous_18)
FN:79,joinWithUsers
FN:86,(anonymous_20)
FN:87,(anonymous_21)
FN:89,(anonymous_22)
FNF:22
FNH:22
FNDA:1,(anonymous_1)
FNDA:2,defineProperties
FNDA:1,(anonymous_3)
FNDA:1,_classCallCheck
FNDA:1,(anonymous_5)
FNDA:1,Rooms
FNDA:2,all
FNDA:2,(anonymous_8)
FNDA:3,one
FNDA:3,(anonymous_10)
FNDA:7,create
FNDA:7,(anonymous_12)
FNDA:1,update
FNDA:1,(anonymous_14)
FNDA:1,(anonymous_15)
FNDA:1,_delete
FNDA:1,(anonymous_17)
FNDA:1,(anonymous_18)
FNDA:5,joinWithUsers
FNDA:5,(anonymous_20)
FNDA:5,(anonymous_21)
FNDA:1,(anonymous_22)
DA:3,1
DA:7,6
DA:9,1
DA:11,1
DA:13,1
DA:15,1
DA:16,1
DA:17,1
DA:19,1
DA:20,1
DA:23,1
DA:26,2
DA:27,2
DA:33,3
DA:34,3
DA:40,7
DA:41,7
DA:42,7
DA:43,7
DA:44,7
DA:51,1
DA:52,1
DA:53,1
DA:54,1
DA:55,1
DA:56,1
DA:57,1
DA:65,1
DA:66,1
DA:67,0
DA:68,0
DA:70,1
DA:71,1
DA:72,1
DA:80,5
DA:81,5
DA:82,3
DA:83,3
DA:86,5
DA:87,5
DA:88,5
DA:89,5
DA:90,1
DA:93,5
DA:96,5
DA:97,5
DA:98,2
DA:100,3
DA:107,1
DA:110,1
DA:111,1
LF:51
LH:49
BRDA:7,1,0,6
BRDA:7,1,1,6
BRDA:7,2,0,6
BRDA:7,2,1,0
BRDA:7,3,0,1
BRDA:7,3,1,0
BRDA:7,4,0,1
BRDA:7,4,1,0
BRDA:9,5,0,0
BRDA:9,5,1,1
BRDA:43,6,0,7
BRDA:43,6,1,0
BRDA:56,7,0,1
BRDA:56,7,1,0
BRDA:66,8,0,0
BRDA:66,8,1,1
BRDA:71,9,0,1
BRDA:71,9,1,0
BRDA:81,10,0,3
BRDA:81,10,1,2
BRDA:88,11,0,5
BRDA:88,11,1,0
BRDA:96,12,0,5
BRDA:96,12,1,0
BRDA:97,13,0,2
BRDA:97,13,1,3
BRF:26
BRH:16
end_of_record
TN:
SF:/home/cantado/Projects/socket/app/backend/dist/js/config.js
FN:7,_interopRequireDefault
FNF:1
FNH:1
FNDA:1,_interopRequireDefault
DA:3,1
DA:7,1
DA:9,1
DA:11,1
DA:13,1
DA:15,1
DA:17,1
DA:19,1
DA:24,1
DA:30,1
DA:31,1
DA:33,1
DA:38,1
LF:13
LH:13
BRDA:7,1,0,0
BRDA:7,1,1,1
BRDA:7,2,0,1
BRDA:7,2,1,1
BRDA:13,3,0,1
BRDA:13,3,1,1
BRF:6
BRH:5
end_of_record
TN:
SF:/home/cantado/Projects/socket/app/backend/dist/js/model/helper.js
FN:8,filterByKeys
FNF:1
FNH:1
FNDA:17,filterByKeys
DA:3,1
DA:6,1
DA:8,1
DA:9,17
DA:10,35
DA:13,17
DA:14,17
DA:15,17
DA:16,17
DA:18,17
DA:19,17
DA:20,13
DA:21,13
DA:22,13
DA:23,13
DA:25,13
DA:26,13
DA:27,28
DA:29,28
DA:30,13
DA:34,0
DA:35,0
DA:37,13
DA:38,13
DA:39,0
DA:42,13
DA:43,0
DA:49,0
DA:50,0
DA:52,17
DA:53,17
DA:54,0
DA:57,17
DA:58,0
DA:63,17
DA:66,1
DA:69,1
LF:37
LH:29
BRDA:29,1,0,13
BRDA:29,1,1,15
BRDA:38,2,0,0
BRDA:38,2,1,13
BRDA:38,3,0,13
BRDA:38,3,1,0
BRDA:42,4,0,0
BRDA:42,4,1,13
BRDA:53,5,0,0
BRDA:53,5,1,17
BRDA:53,6,0,17
BRDA:53,6,1,0
BRDA:57,7,0,0
BRDA:57,7,1,17
BRF:14
BRH:8
end_of_record
TN:
SF:/home/cantado/Projects/socket/app/backend/dist/js/model/users.js
FN:7,(anonymous_1)
FN:7,defineProperties
FN:7,(anonymous_3)
FN:9,_classCallCheck
FN:15,(anonymous_5)
FN:16,Users
FN:25,all
FN:26,(anonymous_8)
FN:34,one
FN:35,(anonymous_10)
FN:43,create
FN:46,(anonymous_12)
FN:57,update
FN:59,(anonymous_14)
FN:63,(anonymous_15)
FN:73,_delete
FN:74,(anonymous_17)
FN:79,(anonymous_18)
FN:88,deleteAll
FN:89,(anonymous_20)
FNF:20
FNH:18
FNDA:1,(anonymous_1)
FNDA:1,defineProperties
FNDA:1,(anonymous_3)
FNDA:2,_classCallCheck
FNDA:1,(anonymous_5)
FNDA:2,Users
FNDA:2,all
FNDA:2,(anonymous_8)
FNDA:2,one
FNDA:2,(anonymous_10)
FNDA:8,create
FNDA:8,(anonymous_12)
FNDA:1,update
FNDA:1,(anonymous_14)
FNDA:1,(anonymous_15)
FNDA:1,_delete
FNDA:1,(anonymous_17)
FNDA:1,(anonymous_18)
FNDA:0,deleteAll
FNDA:0,(anonymous_20)
DA:3,1
DA:7,6
DA:9,2
DA:11,1
DA:13,1
DA:15,1
DA:16,1
DA:17,2
DA:19,2
DA:20,2
DA:23,1
DA:26,2
DA:27,2
DA:28,2
DA:35,2
DA:36,2
DA:37,2
DA:44,8
DA:45,8
DA:46,8
DA:47,8
DA:48,0
DA:50,8
DA:51,8
DA:58,1
DA:59,1
DA:60,1
DA:61,1
DA:62,1
DA:63,1
DA:64,1
DA:65,1
DA:74,1
DA:75,1
DA:76,0
DA:77,0
DA:79,1
DA:80,1
DA:81,1
DA:89,0
DA:90,0
DA:91,0
DA:92,0
DA:94,0
DA:95,0
DA:96,0
DA:98,0
DA:101,0
DA:102,0
DA:104,0
DA:105,0
DA:106,0
DA:109,0
DA:110,0
DA:115,0
DA:116,0
DA:122,1
DA:125,1
DA:126,1
LF:59
LH:39
BRDA:7,1,0,6
BRDA:7,1,1,6
BRDA:7,2,0,6
BRDA:7,2,1,0
BRDA:7,3,0,1
BRDA:7,3,1,0
BRDA:7,4,0,0
BRDA:7,4,1,1
BRDA:9,5,0,0
BRDA:9,5,1,2
BRDA:27,6,0,2
BRDA:27,6,1,0
BRDA:36,7,0,2
BRDA:36,7,1,0
BRDA:47,8,0,0
BRDA:47,8,1,8
BRDA:50,9,0,8
BRDA:50,9,1,0
BRDA:60,10,0,1
BRDA:60,10,1,0
BRDA:64,11,0,1
BRDA:64,11,1,0
BRDA:75,12,0,0
BRDA:75,12,1,1
BRDA:80,13,0,1
BRDA:80,13,1,0
BRDA:105,14,0,0
BRDA:105,14,1,0
BRDA:105,15,0,0
BRDA:105,15,1,0
BRDA:109,16,0,0
BRDA:109,16,1,0
BRDA:115,17,0,0
BRDA:115,17,1,0
BRF:34
BRH:14
end_of_record
